<?xml version="1.0" encoding="UTF-8"?>
<!-- Generated by org.testng.reporters.JUnitXMLReporter -->
<testsuite ignored="1" hostname="Pradnyas-MacBook-Air.local" failures="0" tests="1" name="Default test" time="8.26" errors="0" timestamp="2024-11-02T17:17:16 IST">
  <testcase classname="piku_mau.CartCreation" name="create_new_cart_for_user" time="7.178"/>
  <testcase classname="piku_mau.CartCreation" name="cart_already_exists_for_user" time="0.0">
    <ignored/>
  </testcase> <!-- cart_already_exists_for_user -->
</testsuite> <!-- Default test -->
