<?xml version="1.0" encoding="UTF-8"?>
<!-- Generated by org.testng.reporters.JUnitXMLReporter -->
<testsuite ignored="0" hostname="Pradnyas-MacBook-Air.local" failures="2" tests="3" name="ParallelTests" time="3.179" errors="0" timestamp="2024-10-22T21:58:31 IST">
  <testcase classname="piku.SignUPTest" name="shouldCreateNewUserSuccessfully" time="0.104">
    <failure type="java.lang.Error" message="Unresolved compilation problem: 
	TestDataBuild cannot be resolved
">
      <![CDATA[java.lang.Error: Unresolved compilation problem: 
TestDataBuild cannot be resolved

at clients.UserClient.createUser(UserClient.java:43)
at piku.SignUPTest.shouldCreateNewUserSuccessfully(SignUPTest.java:26)
at java.base/java.util.concurrent.ThreadPoolExecutor.runWorker(ThreadPoolExecutor.java:1144)
at java.base/java.util.concurrent.ThreadPoolExecutor$Worker.run(ThreadPoolExecutor.java:642)
at java.base/java.lang.Thread.run(Thread.java:1570)
... Removed 10 stack frames]]>
    </failure>
  </testcase> <!-- shouldCreateNewUserSuccessfully -->
  <testcase classname="piku.LoginAPI" name="verifySuccessfulLoginWithValidCredentials" time="0.004">
    <failure type="java.lang.Error" message="Unresolved compilation problem: 
	TestDataBuild cannot be resolved
">
      <![CDATA[java.lang.Error: Unresolved compilation problem: 
TestDataBuild cannot be resolved

at clients.UserClient.createUser(UserClient.java:43)
at clients.UserClient.authenticateUser(UserClient.java:65)
at piku.LoginAPI.verifySuccessfulLoginWithValidCredentials(LoginAPI.java:27)
at java.base/java.util.concurrent.ThreadPoolExecutor.runWorker(ThreadPoolExecutor.java:1144)
at java.base/java.util.concurrent.ThreadPoolExecutor$Worker.run(ThreadPoolExecutor.java:642)
at java.base/java.lang.Thread.run(Thread.java:1570)
... Removed 10 stack frames]]>
    </failure>
  </testcase> <!-- verifySuccessfulLoginWithValidCredentials -->
  <testcase classname="piku.HealthCheck" name="shouldReturnOKForHealthCheck" time="2.421"/>
</testsuite> <!-- ParallelTests -->
