<?xml version="1.0" encoding="UTF-8"?>
<!-- Generated by org.testng.reporters.JUnitXMLReporter -->
<testsuite ignored="0" hostname="Pradnyas-MacBook-Air.local" failures="2" tests="3" name="ParallelTests" time="4.122" errors="0" timestamp="2024-10-22T16:47:01 IST">
  <testcase classname="piku.SignUPTest" name="shouldCreateNewUserSuccessfully" time="0.35">
    <failure type="java.lang.NullPointerException" message="Cannot invoke &amp;quot;com.fasterxml.jackson.databind.JsonNode.path(String)&amp;quot; because &amp;quot;utilities.EndpointConfig.jsonNode&amp;quot; is null">
      <![CDATA[java.lang.NullPointerException: Cannot invoke "com.fasterxml.jackson.databind.JsonNode.path(String)" because "utilities.EndpointConfig.jsonNode" is null
at utilities.EndpointConfig.getEndpoint(EndpointConfig.java:26)
at clients.UserClient.createUser(UserClient.java:38)
at piku.SignUPTest.shouldCreateNewUserSuccessfully(SignUPTest.java:26)
at java.base/java.util.concurrent.ThreadPoolExecutor.runWorker(ThreadPoolExecutor.java:1144)
at java.base/java.util.concurrent.ThreadPoolExecutor$Worker.run(ThreadPoolExecutor.java:642)
at java.base/java.lang.Thread.run(Thread.java:1570)
... Removed 10 stack frames]]>
    </failure>
  </testcase> <!-- shouldCreateNewUserSuccessfully -->
  <testcase classname="piku.LoginAPI" name="verifySuccessfulLoginWithValidCredentials" time="0.004">
    <failure type="java.lang.NullPointerException" message="Cannot invoke &amp;quot;com.fasterxml.jackson.databind.JsonNode.path(String)&amp;quot; because &amp;quot;utilities.EndpointConfig.jsonNode&amp;quot; is null">
      <![CDATA[java.lang.NullPointerException: Cannot invoke "com.fasterxml.jackson.databind.JsonNode.path(String)" because "utilities.EndpointConfig.jsonNode" is null
at utilities.EndpointConfig.getEndpoint(EndpointConfig.java:26)
at clients.UserClient.createUser(UserClient.java:38)
at clients.UserClient.authenticateUser(UserClient.java:66)
at piku.LoginAPI.verifySuccessfulLoginWithValidCredentials(LoginAPI.java:27)
at java.base/java.util.concurrent.ThreadPoolExecutor.runWorker(ThreadPoolExecutor.java:1144)
at java.base/java.util.concurrent.ThreadPoolExecutor$Worker.run(ThreadPoolExecutor.java:642)
at java.base/java.lang.Thread.run(Thread.java:1570)
... Removed 10 stack frames]]>
    </failure>
  </testcase> <!-- verifySuccessfulLoginWithValidCredentials -->
  <testcase classname="piku.HealthCheck" name="shouldReturnOKForHealthCheck" time="3.376"/>
</testsuite> <!-- ParallelTests -->
