<?xml version="1.0" encoding="UTF-8"?>
<testsuite xmlns:xsi="http://www.w3.org/2001/XMLSchema-instance" xsi:noNamespaceSchemaLocation="https://maven.apache.org/surefire/maven-surefire-plugin/xsd/surefire-test-report-3.0.xsd" version="3.0" name="TestSuite" time="4.238" tests="3" errors="0" skipped="0" failures="2">
  <properties>
[...]
</properties>
  <testcase name="shouldCreateNewUserSuccessfully" classname="piku.SignUPTest" time="0.193">
    <failure message="Unresolved compilation problem: &#10;	TestDataBuild cannot be resolved&#10;" type="java.lang.Error"><![CDATA[java.lang.Error: 
Unresolved compilation problem: 
	TestDataBuild cannot be resolved

	at piku.SignUPTest.shouldCreateNewUserSuccessfully(SignUPTest.java:26)
]]></failure>
    <system-out><![CDATA[https://www.apicademy.dev/
https://www.apicademy.dev/
]]></system-out>
    <system-err><![CDATA[SLF4J: Failed to load class "org.slf4j.impl.StaticLoggerBinder".
SLF4J: Defaulting to no-operation (NOP) logger implementation
SLF4J: See http://www.slf4j.org/codes.html#StaticLoggerBinder for further details.
]]></system-err>
  </testcase>
  <testcase name="verifySuccessfulLoginWithValidCredentials" classname="piku.LoginAPI" time="0.007">
    <failure message="Unresolved compilation problem: &#10;	TestDataBuild cannot be resolved&#10;" type="java.lang.Error"><![CDATA[java.lang.Error: 
Unresolved compilation problem: 
	TestDataBuild cannot be resolved

	at piku.LoginAPI.verifySuccessfulLoginWithValidCredentials(LoginAPI.java:27)
]]></failure>
    <system-out><![CDATA[https://www.apicademy.dev/
]]></system-out>
  </testcase>
  <testcase name="shouldReturnOKForHealthCheck" classname="piku.HealthCheck" time="2.226"/>
</testsuite>