-------------------------------------------------------------------------------
Test set: TestSuite
-------------------------------------------------------------------------------
Tests run: 3, Failures: 2, Errors: 0, Skipped: 0, Time elapsed: 4.238 s <<< FAILURE! - in TestSuite
piku.SignUPTest.shouldCreateNewUserSuccessfully  Time elapsed: 0.193 s  <<< FAILURE!
java.lang.Error: 
Unresolved compilation problem: 
	TestDataBuild cannot be resolved

	at piku.SignUPTest.shouldCreateNewUserSuccessfully(SignUPTest.java:26)

piku.LoginAPI.verifySuccessfulLoginWithValidCredentials  Time elapsed: 0.007 s  <<< FAILURE!
java.lang.Error: 
Unresolved compilation problem: 
	TestDataBuild cannot be resolved

	at piku.LoginAPI.verifySuccessfulLoginWithValidCredentials(LoginAPI.java:27)

