<?xml version="1.0" encoding="UTF-8"?>
<testng-results ignored="0" total="1" passed="1" failed="0" skipped="0">
  <reporter-output>
  </reporter-output>
  <suite started-at="2024-10-19T09:00:08 IST" name="Default suite" finished-at="2024-10-19T09:00:14 IST" duration-ms="5636">
    <groups>
    </groups>
    <test started-at="2024-10-19T09:00:08 IST" name="Default test" finished-at="2024-10-19T09:00:14 IST" duration-ms="5636">
      <class name="piku.LoginAPI">
        <test-method is-config="true" signature="setBaseURI()[pri:0, instance:piku.LoginAPI@21337f7b]" started-at="2024-10-19T09:00:08 IST" name="setBaseURI" finished-at="2024-10-19T09:00:09 IST" duration-ms="652" status="PASS">
          <reporter-output>
          </reporter-output>
        </test-method> <!-- setBaseURI -->
        <test-method signature="verifySuccessfulLoginWithValidCredentials()[pri:0, instance:piku.LoginAPI@21337f7b]" started-at="2024-10-19T09:00:09 IST" name="verifySuccessfulLoginWithValidCredentials" finished-at="2024-10-19T09:00:14 IST" duration-ms="4855" status="PASS">
          <reporter-output>
          </reporter-output>
        </test-method> <!-- verifySuccessfulLoginWithValidCredentials -->
        <test-method is-config="true" signature="tearDown()[pri:0, instance:piku.LoginAPI@21337f7b]" started-at="2024-10-19T09:00:14 IST" name="tearDown" finished-at="2024-10-19T09:00:14 IST" duration-ms="4" status="PASS">
          <reporter-output>
          </reporter-output>
        </test-method> <!-- tearDown -->
      </class> <!-- piku.LoginAPI -->
    </test> <!-- Default test -->
  </suite> <!-- Default suite -->
</testng-results>
