<?xml version="1.0" encoding="UTF-8"?>
<testng-results ignored="0" total="1" passed="1" failed="0" skipped="0">
  <reporter-output>
  </reporter-output>
  <suite started-at="2024-11-02T17:45:43 IST" name="Default suite" finished-at="2024-11-02T17:45:47 IST" duration-ms="4675">
    <groups>
    </groups>
    <test started-at="2024-11-02T17:45:43 IST" name="Default test" finished-at="2024-11-02T17:45:47 IST" duration-ms="4675">
      <class name="piku_mau.SignUPTest">
        <test-method is-config="true" signature="setBaseURI()[pri:0, instance:piku_mau.SignUPTest@545b995e]" started-at="2024-11-02T17:45:43 IST" name="setBaseURI" finished-at="2024-11-02T17:45:43 IST" duration-ms="657" status="PASS">
          <reporter-output>
          </reporter-output>
        </test-method> <!-- setBaseURI -->
        <test-method is-config="true" signature="beforeTestMesthod()[pri:0, instance:piku_mau.SignUPTest@545b995e]" started-at="2024-11-02T17:45:44 IST" name="beforeTestMesthod" finished-at="2024-11-02T17:45:44 IST" duration-ms="283" status="PASS">
          <reporter-output>
          </reporter-output>
        </test-method> <!-- beforeTestMesthod -->
        <test-method signature="shouldCreateNewUserSuccessfully()[pri:0, instance:piku_mau.SignUPTest@545b995e]" started-at="2024-11-02T17:45:44 IST" name="shouldCreateNewUserSuccessfully" finished-at="2024-11-02T17:45:47 IST" duration-ms="3565" status="PASS">
          <reporter-output>
          </reporter-output>
        </test-method> <!-- shouldCreateNewUserSuccessfully -->
        <test-method is-config="true" signature="afterTestMethod()[pri:0, instance:piku_mau.SignUPTest@545b995e]" started-at="2024-11-02T17:45:47 IST" name="afterTestMethod" finished-at="2024-11-02T17:45:47 IST" duration-ms="6" status="PASS">
          <reporter-output>
          </reporter-output>
        </test-method> <!-- afterTestMethod -->
        <test-method is-config="true" signature="tearDown()[pri:0, instance:piku_mau.SignUPTest@545b995e]" started-at="2024-11-02T17:45:47 IST" name="tearDown" finished-at="2024-11-02T17:45:47 IST" duration-ms="1" status="PASS">
          <reporter-output>
          </reporter-output>
        </test-method> <!-- tearDown -->
      </class> <!-- piku_mau.SignUPTest -->
    </test> <!-- Default test -->
  </suite> <!-- Default suite -->
</testng-results>
